2024.11.06 10:00:43: Added Thomas Anderson Teacher
2024.11.06 10:00:43: Added Han Solo Teacher
2024.11.06 10:00:43: Added Princess Leia Teacher
2024.11.06 10:00:43: Added Severus Snape Teacher
2024.11.06 10:00:43: Added Dolores Umbridge Teacher
2024.11.06 10:00:43: Added Peter Pan Student to class class 1A, profile humane
2024.11.06 10:00:43: Added Anna Shirley Student to class class 1A, profile humane
2024.11.06 10:00:43: Added Harry Potter Student to class class 1A, profile humane
2024.11.06 10:00:43: Added Ron Weasley Student to class class 1A, profile humane
2024.11.06 10:00:43: Added term of subject Math on MONDAY at 10:30, 45 min to subject Math
2024.11.06 10:00:43: Added term of subject Math on THURSDAY at 12:50, 45 min to subject Math
2024.11.06 10:00:43: Added subject Math to class 1A, profile humane
2024.11.06 10:00:43: Added term of subject English on MONDAY at 12:00, 45 min to subject English
2024.11.06 10:00:43: Added term of subject English on TUESDAY at 11:00, 45 min to subject English
2024.11.06 10:00:43: Added term of subject English on WEDNESDAY at 10:30, 45 min to subject English
2024.11.06 10:00:43: Added term of subject English on THURSDAY at 11:00, 45 min to subject English
2024.11.06 10:00:43: Added subject English to class 1A, profile humane
2024.11.06 10:00:43: Added term of subject Computer Science on TUESDAY at 09:00, 45 min to subject Computer Science
2024.11.06 10:00:43: Added subject Computer Science to class 1A, profile humane
2024.11.06 10:00:43: Added term of subject Chemistry on WEDNESDAY at 11:30, 45 min to subject Chemistry
2024.11.06 10:00:43: Added subject Chemistry to class 1A, profile humane
2024.11.06 10:00:43: Added term of subject Potions on FRIDAY at 09:00, 90 min to subject Potions
2024.11.06 10:00:43: Added subject Potions to class 1A, profile humane
2024.11.06 10:00:43: Added term of subject Black Magic Defense on FRIDAY at 12:30, 90 min to subject Black Magic Defense
2024.11.06 10:00:43: Added subject Black Magic Defense to class 1A, profile humane
2024.11.06 10:00:43: Added class 1A, profile humane
2024.11.06 10:32:02: Added Thomas Anderson Teacher
2024.11.06 10:32:02: Added Han Solo Teacher
2024.11.06 10:32:02: Added Princess Leia Teacher
2024.11.06 10:32:02: Added Severus Snape Teacher
2024.11.06 10:32:02: Added Dolores Umbridge Teacher
2024.11.06 10:32:02: Added Peter Pan Student to class class 1A, profile humane
2024.11.06 10:32:02: Added Anna Shirley Student to class class 1A, profile humane
2024.11.06 10:32:02: Added Harry Potter Student to class class 1A, profile humane
2024.11.06 10:32:02: Added Ron Weasley Student to class class 1A, profile humane
2024.11.06 10:32:02: Added term of subject Math on MONDAY at 10:30, 45 min to subject Math
2024.11.06 10:32:02: Added term of subject Math on THURSDAY at 12:50, 45 min to subject Math
2024.11.06 10:32:02: Added subject Math to class 1A, profile humane
2024.11.06 10:32:02: Added term of subject English on MONDAY at 12:00, 45 min to subject English
2024.11.06 10:32:02: Added term of subject English on TUESDAY at 11:00, 45 min to subject English
2024.11.06 10:32:02: Added term of subject English on WEDNESDAY at 10:30, 45 min to subject English
2024.11.06 10:32:02: Added term of subject English on THURSDAY at 11:00, 45 min to subject English
2024.11.06 10:32:02: Added subject English to class 1A, profile humane
2024.11.06 10:32:02: Added term of subject Computer Science on TUESDAY at 09:00, 45 min to subject Computer Science
2024.11.06 10:32:02: Added subject Computer Science to class 1A, profile humane
2024.11.06 10:32:02: Added term of subject Chemistry on WEDNESDAY at 11:30, 45 min to subject Chemistry
2024.11.06 10:32:02: Added subject Chemistry to class 1A, profile humane
2024.11.06 10:32:02: Added term of subject Potions on FRIDAY at 09:00, 90 min to subject Potions
2024.11.06 10:32:02: Added subject Potions to class 1A, profile humane
2024.11.06 10:32:02: Added term of subject Black Magic Defense on FRIDAY at 12:30, 90 min to subject Black Magic Defense
2024.11.06 10:32:02: Added subject Black Magic Defense to class 1A, profile humane
2024.11.06 10:32:02: Added class 1A, profile humane
2024.11.06 10:38:41: Added Thomas Anderson Teacher
2024.11.06 10:38:41: Added Han Solo Teacher
2024.11.06 10:38:41: Added Princess Leia Teacher
2024.11.06 10:38:41: Added Severus Snape Teacher
2024.11.06 10:38:41: Added Dolores Umbridge Teacher
2024.11.06 10:38:41: Added Peter Pan Student to class class 1A, profile humane
2024.11.06 10:38:41: Added Anna Shirley Student to class class 1A, profile humane
2024.11.06 10:38:41: Added Harry Potter Student to class class 1A, profile humane
2024.11.06 10:38:41: Added Ron Weasley Student to class class 1A, profile humane
2024.11.06 10:38:41: Added term of subject Math on MONDAY at 10:30, 45 min to subject Math
2024.11.06 10:38:41: Added term of subject Math on THURSDAY at 12:50, 45 min to subject Math
2024.11.06 10:38:41: Added subject Math to class 1A, profile humane
2024.11.06 10:38:41: Added term of subject English on MONDAY at 12:00, 45 min to subject English
2024.11.06 10:38:41: Added term of subject English on TUESDAY at 11:00, 45 min to subject English
2024.11.06 10:38:41: Added term of subject English on WEDNESDAY at 10:30, 45 min to subject English
2024.11.06 10:38:41: Added term of subject English on THURSDAY at 11:00, 45 min to subject English
2024.11.06 10:38:41: Added subject English to class 1A, profile humane
2024.11.06 10:38:41: Added term of subject Computer Science on TUESDAY at 09:00, 45 min to subject Computer Science
2024.11.06 10:38:41: Added subject Computer Science to class 1A, profile humane
2024.11.06 10:38:41: Added term of subject Chemistry on WEDNESDAY at 11:30, 45 min to subject Chemistry
2024.11.06 10:38:41: Added subject Chemistry to class 1A, profile humane
2024.11.06 10:38:41: Added term of subject Potions on FRIDAY at 09:00, 90 min to subject Potions
2024.11.06 10:38:41: Added subject Potions to class 1A, profile humane
2024.11.06 10:38:41: Added term of subject Black Magic Defense on FRIDAY at 12:30, 90 min to subject Black Magic Defense
2024.11.06 10:38:41: Added subject Black Magic Defense to class 1A, profile humane
2024.11.06 10:38:41: Added class 1A, profile humane
2024.11.06 10:44:24: Added Thomas Anderson Teacher
2024.11.06 10:44:24: Added Han Solo Teacher
2024.11.06 10:44:24: Added Princess Leia Teacher
2024.11.06 10:44:24: Added Severus Snape Teacher
2024.11.06 10:44:24: Added Dolores Umbridge Teacher
2024.11.06 10:44:24: Added Peter Pan Student to class class 1A, profile humane
2024.11.06 10:44:24: Added Anna Shirley Student to class class 1A, profile humane
2024.11.06 10:44:24: Added Harry Potter Student to class class 1A, profile humane
2024.11.06 10:44:24: Added Ron Weasley Student to class class 1A, profile humane
2024.11.06 10:44:24: Added term of subject Math on MONDAY at 10:30, 45 min to subject Math
2024.11.06 10:44:24: Added term of subject Math on THURSDAY at 12:50, 45 min to subject Math
2024.11.06 10:44:24: Added subject Math to class 1A, profile humane
2024.11.06 10:44:24: Added term of subject English on MONDAY at 12:00, 45 min to subject English
2024.11.06 10:44:24: Added term of subject English on TUESDAY at 11:00, 45 min to subject English
2024.11.06 10:44:24: Added term of subject English on WEDNESDAY at 10:30, 45 min to subject English
2024.11.06 10:44:24: Added term of subject English on THURSDAY at 11:00, 45 min to subject English
2024.11.06 10:44:24: Added subject English to class 1A, profile humane
2024.11.06 10:44:24: Added term of subject Computer Science on TUESDAY at 09:00, 45 min to subject Computer Science
2024.11.06 10:44:24: Added subject Computer Science to class 1A, profile humane
2024.11.06 10:44:24: Added term of subject Chemistry on WEDNESDAY at 11:30, 45 min to subject Chemistry
2024.11.06 10:44:24: Added subject Chemistry to class 1A, profile humane
2024.11.06 10:44:24: Added term of subject Potions on FRIDAY at 09:00, 90 min to subject Potions
2024.11.06 10:44:24: Added subject Potions to class 1A, profile humane
2024.11.06 10:44:24: Added term of subject Black Magic Defense on FRIDAY at 12:30, 90 min to subject Black Magic Defense
2024.11.06 10:44:24: Added subject Black Magic Defense to class 1A, profile humane
2024.11.06 10:44:24: Added class 1A, profile humane
2024.11.06 10:48:44: Added Thomas Anderson Teacher
2024.11.06 10:48:44: Added Han Solo Teacher
2024.11.06 10:48:44: Added Princess Leia Teacher
2024.11.06 10:48:44: Added Severus Snape Teacher
2024.11.06 10:48:44: Added Dolores Umbridge Teacher
2024.11.06 10:48:44: Added Peter Pan Student to class class 1A, profile humane
2024.11.06 10:48:44: Added Anna Shirley Student to class class 1A, profile humane
2024.11.06 10:48:44: Added Harry Potter Student to class class 1A, profile humane
2024.11.06 10:48:44: Added Ron Weasley Student to class class 1A, profile humane
2024.11.06 10:48:44: Added term of subject Math on MONDAY at 10:30, 45 min to subject Math
2024.11.06 10:48:44: Added term of subject Math on THURSDAY at 12:50, 45 min to subject Math
2024.11.06 10:48:44: Added subject Math to class 1A, profile humane
2024.11.06 10:48:44: Added term of subject English on MONDAY at 12:00, 45 min to subject English
2024.11.06 10:48:44: Added term of subject English on TUESDAY at 11:00, 45 min to subject English
2024.11.06 10:48:44: Added term of subject English on WEDNESDAY at 10:30, 45 min to subject English
2024.11.06 10:48:44: Added term of subject English on THURSDAY at 11:00, 45 min to subject English
2024.11.06 10:48:44: Added subject English to class 1A, profile humane
2024.11.06 10:48:44: Added term of subject Computer Science on TUESDAY at 09:00, 45 min to subject Computer Science
2024.11.06 10:48:44: Added subject Computer Science to class 1A, profile humane
2024.11.06 10:48:44: Added term of subject Chemistry on WEDNESDAY at 11:30, 45 min to subject Chemistry
2024.11.06 10:48:44: Added subject Chemistry to class 1A, profile humane
2024.11.06 10:48:44: Added term of subject Potions on FRIDAY at 09:00, 90 min to subject Potions
2024.11.06 10:48:44: Added subject Potions to class 1A, profile humane
2024.11.06 10:48:44: Added term of subject Black Magic Defense on FRIDAY at 12:30, 90 min to subject Black Magic Defense
2024.11.06 10:48:44: Added subject Black Magic Defense to class 1A, profile humane
2024.11.06 10:48:44: Added class 1A, profile humane
